<?xml version="1.0" encoding="UTF-8"?>
<testsuite xmlns:xsi="http://www.w3.org/2001/XMLSchema-instance" xsi:noNamespaceSchemaLocation="https://maven.apache.org/surefire/maven-surefire-plugin/xsd/surefire-test-report-3.0.xsd" version="3.0" name="TestSuite" time="52.76" tests="2" errors="0" skipped="0" failures="0">
  <properties>
    <property name="sun.desktop" value="windows"/>
    <property name="awt.toolkit" value="sun.awt.windows.WToolkit"/>
    <property name="file.encoding.pkg" value="sun.io"/>
    <property name="java.specification.version" value="1.8"/>
    <property name="webdriver.chrome.driver" value="C:\Users\GOD\.m2\repository\webdriver\chromedriver\win32\81.0.4044.69\chromedriver.exe"/>
    <property name="sun.cpu.isalist" value="pentium_pro+mmx pentium_pro pentium+mmx pentium i486 i386 i86"/>
    <property name="sun.jnu.encoding" value="Cp1252"/>
    <property name="java.class.path" value="D:\WorkspaceDemo\com.ibmsel\target\test-classes;D:\WorkspaceDemo\com.ibmsel\target\classes;C:\Users\GOD\.m2\repository\org\seleniumhq\selenium\selenium-java\3.141.59\selenium-java-3.141.59.jar;C:\Users\GOD\.m2\repository\org\seleniumhq\selenium\selenium-api\3.141.59\selenium-api-3.141.59.jar;C:\Users\GOD\.m2\repository\org\seleniumhq\selenium\selenium-chrome-driver\3.141.59\selenium-chrome-driver-3.141.59.jar;C:\Users\GOD\.m2\repository\org\seleniumhq\selenium\selenium-edge-driver\3.141.59\selenium-edge-driver-3.141.59.jar;C:\Users\GOD\.m2\repository\org\seleniumhq\selenium\selenium-firefox-driver\3.141.59\selenium-firefox-driver-3.141.59.jar;C:\Users\GOD\.m2\repository\org\seleniumhq\selenium\selenium-ie-driver\3.141.59\selenium-ie-driver-3.141.59.jar;C:\Users\GOD\.m2\repository\org\seleniumhq\selenium\selenium-opera-driver\3.141.59\selenium-opera-driver-3.141.59.jar;C:\Users\GOD\.m2\repository\org\seleniumhq\selenium\selenium-remote-driver\3.141.59\selenium-remote-driver-3.141.59.jar;C:\Users\GOD\.m2\repository\org\seleniumhq\selenium\selenium-safari-driver\3.141.59\selenium-safari-driver-3.141.59.jar;C:\Users\GOD\.m2\repository\org\seleniumhq\selenium\selenium-support\3.141.59\selenium-support-3.141.59.jar;C:\Users\GOD\.m2\repository\net\bytebuddy\byte-buddy\1.8.15\byte-buddy-1.8.15.jar;C:\Users\GOD\.m2\repository\org\apache\commons\commons-exec\1.3\commons-exec-1.3.jar;C:\Users\GOD\.m2\repository\com\google\guava\guava\25.0-jre\guava-25.0-jre.jar;C:\Users\GOD\.m2\repository\com\google\code\findbugs\jsr305\1.3.9\jsr305-1.3.9.jar;C:\Users\GOD\.m2\repository\org\checkerframework\checker-compat-qual\2.0.0\checker-compat-qual-2.0.0.jar;C:\Users\GOD\.m2\repository\com\google\errorprone\error_prone_annotations\2.1.3\error_prone_annotations-2.1.3.jar;C:\Users\GOD\.m2\repository\com\google\j2objc\j2objc-annotations\1.1\j2objc-annotations-1.1.jar;C:\Users\GOD\.m2\repository\org\codehaus\mojo\animal-sniffer-annotations\1.14\animal-sniffer-annotations-1.14.jar;C:\Users\GOD\.m2\repository\com\squareup\okhttp3\okhttp\3.11.0\okhttp-3.11.0.jar;C:\Users\GOD\.m2\repository\com\squareup\okio\okio\1.14.0\okio-1.14.0.jar;C:\Users\GOD\.m2\repository\org\concordion\cubano-webdriver-manager\0.3.5\cubano-webdriver-manager-0.3.5.jar;C:\Users\GOD\.m2\repository\org\slf4j\slf4j-api\1.7.25\slf4j-api-1.7.25.jar;C:\Users\GOD\.m2\repository\ch\qos\logback\logback-classic\1.2.3\logback-classic-1.2.3.jar;C:\Users\GOD\.m2\repository\ch\qos\logback\logback-core\1.2.3\logback-core-1.2.3.jar;C:\Users\GOD\.m2\repository\org\concordion\cubano-webdriver\0.3.5\cubano-webdriver-0.3.5.jar;C:\Users\GOD\.m2\repository\org\concordion\cubano-config\0.3.5\cubano-config-0.3.5.jar;C:\Users\GOD\.m2\repository\ru\yandex\qatools\htmlelements\htmlelements-java\1.20.0\htmlelements-java-1.20.0.jar;C:\Users\GOD\.m2\repository\org\jsoup\jsoup\1.8.3\jsoup-1.8.3.jar;C:\Users\GOD\.m2\repository\org\concordion\concordion\2.2.0\concordion-2.2.0.jar;C:\Users\GOD\.m2\repository\junit\junit\4.12\junit-4.12.jar;C:\Users\GOD\.m2\repository\org\hamcrest\hamcrest-core\1.3\hamcrest-core-1.3.jar;C:\Users\GOD\.m2\repository\ognl\ognl\3.1\ognl-3.1.jar;C:\Users\GOD\.m2\repository\javassist\javassist\3.11.0.GA\javassist-3.11.0.GA.jar;C:\Users\GOD\.m2\repository\org\pegdown\pegdown\1.6.0\pegdown-1.6.0.jar;C:\Users\GOD\.m2\repository\org\parboiled\parboiled-java\1.1.7\parboiled-java-1.1.7.jar;C:\Users\GOD\.m2\repository\org\parboiled\parboiled-core\1.1.7\parboiled-core-1.1.7.jar;C:\Users\GOD\.m2\repository\org\ow2\asm\asm\5.0.3\asm-5.0.3.jar;C:\Users\GOD\.m2\repository\org\ow2\asm\asm-tree\5.0.3\asm-tree-5.0.3.jar;C:\Users\GOD\.m2\repository\org\ow2\asm\asm-analysis\5.0.3\asm-analysis-5.0.3.jar;C:\Users\GOD\.m2\repository\org\ow2\asm\asm-util\5.0.3\asm-util-5.0.3.jar;C:\Users\GOD\.m2\repository\xom\xom\1.2.5\xom-1.2.5.jar;C:\Users\GOD\.m2\repository\org\concordion\concordion-logback-extension\2.0.0\concordion-logback-extension-2.0.0.jar;C:\Users\GOD\.m2\repository\org\concordion\concordion-logging-tooltip-extension\1.1.2\concordion-logging-tooltip-extension-1.1.2.jar;C:\Users\GOD\.m2\repository\commons-lang\commons-lang\2.6\commons-lang-2.6.jar;C:\Users\GOD\.m2\repository\org\slf4j\slf4j-ext\1.7.25\slf4j-ext-1.7.25.jar;C:\Users\GOD\.m2\repository\org\concordion\concordion-storyboard-extension\2.0.0\concordion-storyboard-extension-2.0.0.jar;C:\Users\GOD\.m2\repository\org\concordion\concordion-logback-extension\2.0.0\concordion-logback-extension-2.0.0-reportlogger.jar;C:\Users\GOD\.m2\repository\io\github\bonigarcia\webdrivermanager\3.4.0\webdrivermanager-3.4.0.jar;C:\Users\GOD\.m2\repository\commons-io\commons-io\2.6\commons-io-2.6.jar;C:\Users\GOD\.m2\repository\com\google\code\gson\gson\2.8.5\gson-2.8.5.jar;C:\Users\GOD\.m2\repository\org\apache\commons\commons-lang3\3.8.1\commons-lang3-3.8.1.jar;C:\Users\GOD\.m2\repository\org\apache\httpcomponents\httpclient\4.5.6\httpclient-4.5.6.jar;C:\Users\GOD\.m2\repository\org\apache\httpcomponents\httpcore\4.4.10\httpcore-4.4.10.jar;C:\Users\GOD\.m2\repository\commons-logging\commons-logging\1.2\commons-logging-1.2.jar;C:\Users\GOD\.m2\repository\commons-codec\commons-codec\1.10\commons-codec-1.10.jar;C:\Users\GOD\.m2\repository\org\rauschig\jarchivelib\1.0.0\jarchivelib-1.0.0.jar;C:\Users\GOD\.m2\repository\org\apache\commons\commons-compress\1.18\commons-compress-1.18.jar;C:\Users\GOD\.m2\repository\org\testng\testng\7.0.0\testng-7.0.0.jar;C:\Users\GOD\.m2\repository\com\beust\jcommander\1.72\jcommander-1.72.jar;"/>
    <property name="java.vm.vendor" value="Oracle Corporation"/>
    <property name="sun.arch.data.model" value="32"/>
    <property name="user.variant" value=""/>
    <property name="java.vendor.url" value="http://java.oracle.com/"/>
    <property name="user.timezone" value="Asia/Calcutta"/>
    <property name="java.vm.specification.version" value="1.8"/>
    <property name="os.name" value="Windows 7"/>
    <property name="user.country" value="US"/>
    <property name="sun.java.launcher" value="SUN_STANDARD"/>
    <property name="sun.boot.library.path" value="C:\Program Files\Java\jdk1.8.0_231\jre\bin"/>
    <property name="sun.java.command" value="C:\Users\GOD\AppData\Local\Temp\surefire2262206790288538533\surefirebooter3834226357842875037.jar C:\Users\GOD\AppData\Local\Temp\surefire2262206790288538533 2020-04-14T17-29-24_743-jvmRun1 surefire5191516182399107663tmp surefire_01305274316268388472tmp"/>
    <property name="surefire.test.class.path" value="D:\WorkspaceDemo\com.ibmsel\target\test-classes;D:\WorkspaceDemo\com.ibmsel\target\classes;C:\Users\GOD\.m2\repository\org\seleniumhq\selenium\selenium-java\3.141.59\selenium-java-3.141.59.jar;C:\Users\GOD\.m2\repository\org\seleniumhq\selenium\selenium-api\3.141.59\selenium-api-3.141.59.jar;C:\Users\GOD\.m2\repository\org\seleniumhq\selenium\selenium-chrome-driver\3.141.59\selenium-chrome-driver-3.141.59.jar;C:\Users\GOD\.m2\repository\org\seleniumhq\selenium\selenium-edge-driver\3.141.59\selenium-edge-driver-3.141.59.jar;C:\Users\GOD\.m2\repository\org\seleniumhq\selenium\selenium-firefox-driver\3.141.59\selenium-firefox-driver-3.141.59.jar;C:\Users\GOD\.m2\repository\org\seleniumhq\selenium\selenium-ie-driver\3.141.59\selenium-ie-driver-3.141.59.jar;C:\Users\GOD\.m2\repository\org\seleniumhq\selenium\selenium-opera-driver\3.141.59\selenium-opera-driver-3.141.59.jar;C:\Users\GOD\.m2\repository\org\seleniumhq\selenium\selenium-remote-driver\3.141.59\selenium-remote-driver-3.141.59.jar;C:\Users\GOD\.m2\repository\org\seleniumhq\selenium\selenium-safari-driver\3.141.59\selenium-safari-driver-3.141.59.jar;C:\Users\GOD\.m2\repository\org\seleniumhq\selenium\selenium-support\3.141.59\selenium-support-3.141.59.jar;C:\Users\GOD\.m2\repository\net\bytebuddy\byte-buddy\1.8.15\byte-buddy-1.8.15.jar;C:\Users\GOD\.m2\repository\org\apache\commons\commons-exec\1.3\commons-exec-1.3.jar;C:\Users\GOD\.m2\repository\com\google\guava\guava\25.0-jre\guava-25.0-jre.jar;C:\Users\GOD\.m2\repository\com\google\code\findbugs\jsr305\1.3.9\jsr305-1.3.9.jar;C:\Users\GOD\.m2\repository\org\checkerframework\checker-compat-qual\2.0.0\checker-compat-qual-2.0.0.jar;C:\Users\GOD\.m2\repository\com\google\errorprone\error_prone_annotations\2.1.3\error_prone_annotations-2.1.3.jar;C:\Users\GOD\.m2\repository\com\google\j2objc\j2objc-annotations\1.1\j2objc-annotations-1.1.jar;C:\Users\GOD\.m2\repository\org\codehaus\mojo\animal-sniffer-annotations\1.14\animal-sniffer-annotations-1.14.jar;C:\Users\GOD\.m2\repository\com\squareup\okhttp3\okhttp\3.11.0\okhttp-3.11.0.jar;C:\Users\GOD\.m2\repository\com\squareup\okio\okio\1.14.0\okio-1.14.0.jar;C:\Users\GOD\.m2\repository\org\concordion\cubano-webdriver-manager\0.3.5\cubano-webdriver-manager-0.3.5.jar;C:\Users\GOD\.m2\repository\org\slf4j\slf4j-api\1.7.25\slf4j-api-1.7.25.jar;C:\Users\GOD\.m2\repository\ch\qos\logback\logback-classic\1.2.3\logback-classic-1.2.3.jar;C:\Users\GOD\.m2\repository\ch\qos\logback\logback-core\1.2.3\logback-core-1.2.3.jar;C:\Users\GOD\.m2\repository\org\concordion\cubano-webdriver\0.3.5\cubano-webdriver-0.3.5.jar;C:\Users\GOD\.m2\repository\org\concordion\cubano-config\0.3.5\cubano-config-0.3.5.jar;C:\Users\GOD\.m2\repository\ru\yandex\qatools\htmlelements\htmlelements-java\1.20.0\htmlelements-java-1.20.0.jar;C:\Users\GOD\.m2\repository\org\jsoup\jsoup\1.8.3\jsoup-1.8.3.jar;C:\Users\GOD\.m2\repository\org\concordion\concordion\2.2.0\concordion-2.2.0.jar;C:\Users\GOD\.m2\repository\junit\junit\4.12\junit-4.12.jar;C:\Users\GOD\.m2\repository\org\hamcrest\hamcrest-core\1.3\hamcrest-core-1.3.jar;C:\Users\GOD\.m2\repository\ognl\ognl\3.1\ognl-3.1.jar;C:\Users\GOD\.m2\repository\javassist\javassist\3.11.0.GA\javassist-3.11.0.GA.jar;C:\Users\GOD\.m2\repository\org\pegdown\pegdown\1.6.0\pegdown-1.6.0.jar;C:\Users\GOD\.m2\repository\org\parboiled\parboiled-java\1.1.7\parboiled-java-1.1.7.jar;C:\Users\GOD\.m2\repository\org\parboiled\parboiled-core\1.1.7\parboiled-core-1.1.7.jar;C:\Users\GOD\.m2\repository\org\ow2\asm\asm\5.0.3\asm-5.0.3.jar;C:\Users\GOD\.m2\repository\org\ow2\asm\asm-tree\5.0.3\asm-tree-5.0.3.jar;C:\Users\GOD\.m2\repository\org\ow2\asm\asm-analysis\5.0.3\asm-analysis-5.0.3.jar;C:\Users\GOD\.m2\repository\org\ow2\asm\asm-util\5.0.3\asm-util-5.0.3.jar;C:\Users\GOD\.m2\repository\xom\xom\1.2.5\xom-1.2.5.jar;C:\Users\GOD\.m2\repository\org\concordion\concordion-logback-extension\2.0.0\concordion-logback-extension-2.0.0.jar;C:\Users\GOD\.m2\repository\org\concordion\concordion-logging-tooltip-extension\1.1.2\concordion-logging-tooltip-extension-1.1.2.jar;C:\Users\GOD\.m2\repository\commons-lang\commons-lang\2.6\commons-lang-2.6.jar;C:\Users\GOD\.m2\repository\org\slf4j\slf4j-ext\1.7.25\slf4j-ext-1.7.25.jar;C:\Users\GOD\.m2\repository\org\concordion\concordion-storyboard-extension\2.0.0\concordion-storyboard-extension-2.0.0.jar;C:\Users\GOD\.m2\repository\org\concordion\concordion-logback-extension\2.0.0\concordion-logback-extension-2.0.0-reportlogger.jar;C:\Users\GOD\.m2\repository\io\github\bonigarcia\webdrivermanager\3.4.0\webdrivermanager-3.4.0.jar;C:\Users\GOD\.m2\repository\commons-io\commons-io\2.6\commons-io-2.6.jar;C:\Users\GOD\.m2\repository\com\google\code\gson\gson\2.8.5\gson-2.8.5.jar;C:\Users\GOD\.m2\repository\org\apache\commons\commons-lang3\3.8.1\commons-lang3-3.8.1.jar;C:\Users\GOD\.m2\repository\org\apache\httpcomponents\httpclient\4.5.6\httpclient-4.5.6.jar;C:\Users\GOD\.m2\repository\org\apache\httpcomponents\httpcore\4.4.10\httpcore-4.4.10.jar;C:\Users\GOD\.m2\repository\commons-logging\commons-logging\1.2\commons-logging-1.2.jar;C:\Users\GOD\.m2\repository\commons-codec\commons-codec\1.10\commons-codec-1.10.jar;C:\Users\GOD\.m2\repository\org\rauschig\jarchivelib\1.0.0\jarchivelib-1.0.0.jar;C:\Users\GOD\.m2\repository\org\apache\commons\commons-compress\1.18\commons-compress-1.18.jar;C:\Users\GOD\.m2\repository\org\testng\testng\7.0.0\testng-7.0.0.jar;C:\Users\GOD\.m2\repository\com\beust\jcommander\1.72\jcommander-1.72.jar;"/>
    <property name="sun.cpu.endian" value="little"/>
    <property name="user.home" value="C:\Users\GOD"/>
    <property name="user.language" value="en"/>
    <property name="java.specification.vendor" value="Oracle Corporation"/>
    <property name="java.home" value="C:\Program Files\Java\jdk1.8.0_231\jre"/>
    <property name="basedir" value="D:\WorkspaceDemo\com.ibmsel"/>
    <property name="file.separator" value="\"/>
    <property name="line.separator" value="&#10;"/>
    <property name="java.vm.specification.vendor" value="Oracle Corporation"/>
    <property name="java.specification.name" value="Java Platform API Specification"/>
    <property name="java.awt.graphicsenv" value="sun.awt.Win32GraphicsEnvironment"/>
    <property name="surefire.real.class.path" value="C:\Users\GOD\AppData\Local\Temp\surefire2262206790288538533\surefirebooter3834226357842875037.jar"/>
    <property name="sun.boot.class.path" value="C:\Program Files\Java\jdk1.8.0_231\jre\lib\resources.jar;C:\Program Files\Java\jdk1.8.0_231\jre\lib\rt.jar;C:\Program Files\Java\jdk1.8.0_231\jre\lib\sunrsasign.jar;C:\Program Files\Java\jdk1.8.0_231\jre\lib\jsse.jar;C:\Program Files\Java\jdk1.8.0_231\jre\lib\jce.jar;C:\Program Files\Java\jdk1.8.0_231\jre\lib\charsets.jar;C:\Program Files\Java\jdk1.8.0_231\jre\lib\jfr.jar;C:\Program Files\Java\jdk1.8.0_231\jre\classes"/>
    <property name="user.script" value=""/>
    <property name="sun.management.compiler" value="HotSpot Client Compiler"/>
    <property name="java.runtime.version" value="1.8.0_231-b11"/>
    <property name="user.name" value="GOD"/>
    <property name="path.separator" value=";"/>
    <property name="os.version" value="6.1"/>
    <property name="java.endorsed.dirs" value="C:\Program Files\Java\jdk1.8.0_231\jre\lib\endorsed"/>
    <property name="java.runtime.name" value="Java(TM) SE Runtime Environment"/>
    <property name="file.encoding" value="Cp1252"/>
    <property name="java.vm.name" value="Java HotSpot(TM) Client VM"/>
    <property name="localRepository" value="C:\Users\GOD\.m2\repository"/>
    <property name="java.vendor.url.bug" value="http://bugreport.sun.com/bugreport/"/>
    <property name="java.io.tmpdir" value="C:\Users\GOD\AppData\Local\Temp\"/>
    <property name="java.version" value="1.8.0_231"/>
    <property name="user.dir" value="D:\WorkspaceDemo\com.ibmsel"/>
    <property name="os.arch" value="x86"/>
    <property name="java.vm.specification.name" value="Java Virtual Machine Specification"/>
    <property name="java.awt.printerjob" value="sun.awt.windows.WPrinterJob"/>
    <property name="sun.os.patch.level" value=""/>
    <property name="java.library.path" value="C:\Program Files\Java\jdk1.8.0_231\jre\bin;C:\Windows\Sun\Java\bin;C:\Windows\system32;C:\Windows;C:\Program Files\Common Files\Oracle\Java\javapath;C:\Python27\;C:\Python27\Scripts;C:\Program Files\Java\jre1.8.0_231\bin;C:\Windows\System32;C:\Program Files\nodejs\;C:\apache-maven-3.6.2\bin\;C:\apache-maven-3.6.2\;C:\apache-maven-3.6.2\\bin;C:\Program Files\Java\jdk1.8.0_231;C:\Program Files\Java\jdk1.8.0_231\lib;C:\Program Files\Microsoft VS Code\bin;C:\Windows\System32;C:\Users\GOD\AppData\Roaming\npm;."/>
    <property name="java.vm.info" value="mixed mode, sharing"/>
    <property name="java.vendor" value="Oracle Corporation"/>
    <property name="java.vm.version" value="25.231-b11"/>
    <property name="java.ext.dirs" value="C:\Program Files\Java\jdk1.8.0_231\jre\lib\ext;C:\Windows\Sun\Java\lib\ext"/>
    <property name="sun.io.unicode.encoding" value="UnicodeLittle"/>
    <property name="java.class.version" value="52.0"/>
  </properties>
  <testcase name="verifyGoogle" classname="basics.MyFirstMaven" time="17.059"/>
  <testcase name="verifyTitleofPage" classname="basics.FbLogin" time="0.201"/>
</testsuite>