<?xml version="1.0" encoding="UTF-8"?>
<!-- Generated by org.testng.reporters.JUnitReportReporter -->
<testsuite hostname="GOD-PC" name="basics.FbLogin" tests="1" failures="0" timestamp="14 Apr 2020 11:29:12 GMT" time="0.139" errors="0">
  <testcase name="verifyTitleofPage" time="0.139" classname="basics.FbLogin"/>
</testsuite> <!-- basics.FbLogin -->
