<?xml version="1.0" encoding="UTF-8"?>
<!-- Generated by org.testng.reporters.JUnitReportReporter -->
<testsuite hostname="GOD-PC" name="basics.MyFirstMaven" tests="1" failures="0" timestamp="14 Apr 2020 11:29:12 GMT" time="40.112" errors="0">
  <testcase name="verifyGoogle" time="40.112" classname="basics.MyFirstMaven"/>
</testsuite> <!-- basics.MyFirstMaven -->
