<?xml version="1.0" encoding="UTF-8"?>
<!-- Generated by org.testng.reporters.JUnitReportReporter -->
<testsuite skipped="0" hostname="GOD-PC" name="basics.FbLogin" tests="1" failures="0" timestamp="2020-04-14T17:30:21 IST" time="0.020" errors="0">
  <testcase name="verifyTitleofPage" time="0.020" classname="basics.FbLogin"/>
</testsuite> <!-- basics.FbLogin -->
