<?xml version="1.0" encoding="UTF-8"?>
<!-- Generated by org.testng.reporters.JUnitReportReporter -->
<testsuite skipped="0" hostname="GOD-PC" name="basics.MyFirstMaven" tests="1" failures="0" timestamp="2020-04-14T17:30:21 IST" time="17.055" errors="0">
  <testcase name="verifyGoogle" time="17.055" classname="basics.MyFirstMaven"/>
</testsuite> <!-- basics.MyFirstMaven -->
